[  0%] Built target ament_cmake_python_copy_bumperbot_controller
[ 25%] [32mBuilding CXX object CMakeFiles/noisy_controller.dir/src/noisy_controller.cpp.o[0m
[ 75%] Built target simple_controller
[01m[Kcc1plus:[m[K [01;31m[Kfatal error: [m[K/home/mido/Music/phase_one_ws/src/bumperbot_controller/src/noisy_controller.cpp: No such file or directory
compilation terminated.
gmake[2]: *** [CMakeFiles/noisy_controller.dir/build.make:76: CMakeFiles/noisy_controller.dir/src/noisy_controller.cpp.o] Error 1
gmake[1]: *** [CMakeFiles/Makefile2:168: CMakeFiles/noisy_controller.dir/all] Error 2
gmake[1]: *** Waiting for unfinished jobs....
running egg_info
writing bumperbot_controller.egg-info/PKG-INFO
writing dependency_links to bumperbot_controller.egg-info/dependency_links.txt
writing top-level names to bumperbot_controller.egg-info/top_level.txt
reading manifest file 'bumperbot_controller.egg-info/SOURCES.txt'
writing manifest file 'bumperbot_controller.egg-info/SOURCES.txt'
[ 75%] Built target ament_cmake_python_build_bumperbot_controller_egg
gmake: *** [Makefile:146: all] Error 2
