[0.024s] Invoking command in '/home/mido/Music/phase_one_ws/build/bumperbot_controller': CMAKE_PREFIX_PATH=${CMAKE_PREFIX_PATH}:/home/mido/Music/phase_one_ws/install/motion_pkg:/opt/ros/humble /usr/bin/cmake --build /home/mido/Music/phase_one_ws/build/bumperbot_controller -- -j16 -l16
[0.117s] [  0%] Built target ament_cmake_python_copy_bumperbot_controller
[0.124s] [ 25%] [32mBuilding CXX object CMakeFiles/noisy_controller.dir/src/noisy_controller.cpp.o[0m
[0.124s] [ 75%] Built target simple_controller
[0.135s] [01m[Kcc1plus:[m[K [01;31m[Kfatal error: [m[K/home/mido/Music/phase_one_ws/src/bumperbot_controller/src/noisy_controller.cpp: No such file or directory
[0.136s] compilation terminated.
[0.137s] gmake[2]: *** [CMakeFiles/noisy_controller.dir/build.make:76: CMakeFiles/noisy_controller.dir/src/noisy_controller.cpp.o] Error 1
[0.137s] gmake[1]: *** [CMakeFiles/Makefile2:168: CMakeFiles/noisy_controller.dir/all] Error 2
[0.137s] gmake[1]: *** Waiting for unfinished jobs....
[0.490s] running egg_info
[0.491s] writing bumperbot_controller.egg-info/PKG-INFO
[0.491s] writing dependency_links to bumperbot_controller.egg-info/dependency_links.txt
[0.491s] writing top-level names to bumperbot_controller.egg-info/top_level.txt
[0.495s] reading manifest file 'bumperbot_controller.egg-info/SOURCES.txt'
[0.496s] writing manifest file 'bumperbot_controller.egg-info/SOURCES.txt'
[0.589s] [ 75%] Built target ament_cmake_python_build_bumperbot_controller_egg
[0.591s] gmake: *** [Makefile:146: all] Error 2
[0.595s] Invoked command in '/home/mido/Music/phase_one_ws/build/bumperbot_controller' returned '2': CMAKE_PREFIX_PATH=${CMAKE_PREFIX_PATH}:/home/mido/Music/phase_one_ws/install/motion_pkg:/opt/ros/humble /usr/bin/cmake --build /home/mido/Music/phase_one_ws/build/bumperbot_controller -- -j16 -l16
